<?xml version="1.0" encoding="UTF-8"?>
<!-- Generated by org.testng.reporters.JUnitReportReporter -->
<testsuite hostname="Mds-MacBook-Air.local" failures="0" tests="1" name="RunnerTest.runner" time="13.993" errors="0" timestamp="2020-07-10T19:48:00 EDT" skipped="0">
  <testcase classname="RunnerTest.runner" name="feature" time="13.993"/>
</testsuite> <!-- RunnerTest.runner -->
