<?xml version="1.0" encoding="UTF-8"?>
<!-- Generated by org.testng.reporters.JUnitReportReporter -->
<testsuite skipped="0" hostname="Mds-MacBook-Air.local" name="RunnerTest.runner" tests="1" failures="0" timestamp="2020-07-10T19:53:46 EDT" time="14.456" errors="0">
  <testcase name="feature" time="14.456" classname="RunnerTest.runner"/>
</testsuite> <!-- RunnerTest.runner -->
